[19Apr2020 16:50:19.283] [main/INFO] [cpw.mods.modlauncher.Launcher/MODLAUNCHER]: ModLauncher running: args [--gameDir, ., --launchTarget, fmluserdevclient, --fml.mcpVersion, 20200122.131323, --fml.mcVersion, 1.15.2, --fml.forgeGroup, net.minecraftforge, --fml.forgeVersion, 31.1.0, --version, MOD_DEV, --assetIndex, 1.15, --assetsDir, C:\Users\Lung\.gradle\caches\forge_gradle\assets, --username, Dev, --accessToken, ????????, --userProperties, {}]
[19Apr2020 16:50:19.293] [main/INFO] [cpw.mods.modlauncher.Launcher/MODLAUNCHER]: ModLauncher 5.0.0-milestone.4+67+b1a340b starting: java version 14 by Oracle Corporation
[19Apr2020 16:50:19.709] [main/INFO] [net.minecraftforge.fml.loading.FixSSL/CORE]: Added Lets Encrypt root certificates as additional trust
[19Apr2020 16:50:19.806] [main/WARN] [net.minecraftforge.fml.loading.FMLConfig/CORE]: Configuration file D:\final project\minecraftMod\run\config\fml.toml is not correct. Correcting
[19Apr2020 16:50:19.819] [main/WARN] [net.minecraftforge.fml.loading.FMLConfig/CORE]: Incorrect key [defaultConfigPath] was corrected from null to defaultconfigs
[19Apr2020 16:50:20.695] [main/INFO] [STDERR/]: [jdk.nashorn.api.scripting.NashornScriptEngine:<init>:143]: Warning: Nashorn engine is planned to be removed from a future JDK release
[19Apr2020 16:50:21.541] [main/INFO] [cpw.mods.modlauncher.LaunchServiceHandler/MODLAUNCHER]: Launching target 'fmluserdevclient' with arguments [--version, MOD_DEV, --gameDir, ., --assetsDir, C:\Users\Lung\.gradle\caches\forge_gradle\assets, --assetIndex, 1.15, --username, Dev, --accessToken, ????????, --userProperties, {}]
[19Apr2020 16:50:25.041] [Render thread/INFO] [net.minecraft.client.Minecraft/]: Setting user: Dev
[19Apr2020 16:50:25.795] [pool-2-thread-1/ERROR] [net.minecraftforge.fml.loading.moddiscovery.ExplodedDirectoryLocator/SCAN]: Exception scanning D:\final project\minecraftMod\build\classes\java\main
java.nio.file.NoSuchFileException: D:\final project\minecraftMod\build\classes\java\main
	at sun.nio.fs.WindowsException.translateToIOException(WindowsException.java:85) ~[?:?]
	at sun.nio.fs.WindowsException.rethrowAsIOException(WindowsException.java:103) ~[?:?]
	at sun.nio.fs.WindowsException.rethrowAsIOException(WindowsException.java:108) ~[?:?]
	at sun.nio.fs.WindowsFileAttributeViews$Basic.readAttributes(WindowsFileAttributeViews.java:53) ~[?:?]
	at sun.nio.fs.WindowsFileAttributeViews$Basic.readAttributes(WindowsFileAttributeViews.java:38) ~[?:?]
	at sun.nio.fs.WindowsFileSystemProvider.readAttributes(WindowsFileSystemProvider.java:198) ~[?:?]
	at java.nio.file.Files.readAttributes(Files.java:1843) ~[?:?]
	at java.nio.file.FileTreeWalker.getAttributes(FileTreeWalker.java:219) ~[?:?]
	at java.nio.file.FileTreeWalker.visit(FileTreeWalker.java:276) ~[?:?]
	at java.nio.file.FileTreeWalker.walk(FileTreeWalker.java:322) ~[?:?]
	at java.nio.file.FileTreeIterator.<init>(FileTreeIterator.java:71) ~[?:?]
	at java.nio.file.Files.find(Files.java:4006) ~[?:?]
	at net.minecraftforge.fml.loading.moddiscovery.ExplodedDirectoryLocator.scanIndividualPath(ExplodedDirectoryLocator.java:96) ~[forge-1.15.2-31.1.0_mapped_snapshot_20190719-1.14.3-launcher.jar:?]
	at net.minecraftforge.fml.loading.moddiscovery.ExplodedDirectoryLocator.lambda$scanFile$3(ExplodedDirectoryLocator.java:90) ~[forge-1.15.2-31.1.0_mapped_snapshot_20190719-1.14.3-launcher.jar:?]
	at java.lang.Iterable.forEach(Iterable.java:75) ~[?:?]
	at net.minecraftforge.fml.loading.moddiscovery.ExplodedDirectoryLocator.scanFile(ExplodedDirectoryLocator.java:90) ~[forge-1.15.2-31.1.0_mapped_snapshot_20190719-1.14.3-launcher.jar:?]
	at net.minecraftforge.fml.loading.moddiscovery.ModFile.scanFile(ModFile.java:153) ~[forge-1.15.2-31.1.0_mapped_snapshot_20190719-1.14.3-launcher.jar:?]
	at net.minecraftforge.fml.loading.moddiscovery.Scanner.scan(Scanner.java:46) ~[forge-1.15.2-31.1.0_mapped_snapshot_20190719-1.14.3-launcher.jar:?]
	at net.minecraftforge.fml.loading.moddiscovery.ModFile.compileContent(ModFile.java:149) ~[forge-1.15.2-31.1.0_mapped_snapshot_20190719-1.14.3-launcher.jar:?]
	at java.util.concurrent.CompletableFuture$AsyncSupply.run(CompletableFuture.java:1764) [?:?]
	at java.util.concurrent.ThreadPoolExecutor.runWorker(ThreadPoolExecutor.java:1130) [?:?]
	at java.util.concurrent.ThreadPoolExecutor$Worker.run(ThreadPoolExecutor.java:630) [?:?]
	at java.lang.Thread.run(Thread.java:832) [?:?]
[19Apr2020 16:50:38.748] [Render thread/INFO] [net.minecraft.client.Minecraft/]: Backend library: LWJGL version 3.2.2 build 10
[19Apr2020 16:50:41.138] [Render thread/ERROR] [net.minecraftforge.eventbus.EventBus/EVENTBUS]: Failed to resolve handler for "net.minecraftforge.fml.network.simple.SimpleChannel$$Lambda$2248/0x000000080119a840@4bb644dc"
[19Apr2020 16:50:41.163] [Render thread/INFO] [STDOUT/]: [net.minecraft.util.registry.Bootstrap:printToSYSOUT:109]: ---- Minecraft Crash Report ----
// Hi. I'm Minecraft, and I'm a crashaholic.

Time: 4/19/20, 4:50 PM
Description: Initializing game

java.lang.ExceptionInInitializerError: null
	at net.minecraftforge.fml.ModLoader.<init>(ModLoader.java:121) ~[forge-1.15.2-31.1.0_mapped_snapshot_20190719-1.14.3-recomp.jar:?] {re:classloading}
	at net.minecraftforge.fml.ModLoader.get(ModLoader.java:146) ~[forge-1.15.2-31.1.0_mapped_snapshot_20190719-1.14.3-recomp.jar:?] {re:classloading}
	at net.minecraftforge.fml.client.ClientModLoader.lambda$begin$2(ClientModLoader.java:97) ~[forge-1.15.2-31.1.0_mapped_snapshot_20190719-1.14.3-recomp.jar:?] {re:classloading,pl:runtimedistcleaner:A}
	at net.minecraftforge.fml.client.ClientModLoader.lambda$createRunnableWithCatch$5(ClientModLoader.java:113) ~[forge-1.15.2-31.1.0_mapped_snapshot_20190719-1.14.3-recomp.jar:?] {re:classloading,pl:runtimedistcleaner:A}
	at net.minecraftforge.fml.client.ClientModLoader.begin(ClientModLoader.java:97) ~[forge-1.15.2-31.1.0_mapped_snapshot_20190719-1.14.3-recomp.jar:?] {re:classloading,pl:runtimedistcleaner:A}
	at net.minecraft.client.Minecraft.<init>(Minecraft.java:393) ~[forge-1.15.2-31.1.0_mapped_snapshot_20190719-1.14.3-recomp.jar:?] {re:classloading,pl:accesstransformer:B,pl:runtimedistcleaner:A}
	at net.minecraft.client.main.Main.main(Main.java:141) ~[forge-1.15.2-31.1.0_mapped_snapshot_20190719-1.14.3-recomp.jar:?] {re:classloading,pl:runtimedistcleaner:A}
	at jdk.internal.reflect.NativeMethodAccessorImpl.invoke0(Native Method) ~[?:?] {}
	at jdk.internal.reflect.NativeMethodAccessorImpl.invoke(NativeMethodAccessorImpl.java:62) ~[?:?] {}
	at jdk.internal.reflect.DelegatingMethodAccessorImpl.invoke(DelegatingMethodAccessorImpl.java:43) ~[?:?] {}
	at java.lang.reflect.Method.invoke(Method.java:564) ~[?:?] {}
	at net.minecraftforge.userdev.FMLUserdevClientLaunchProvider.lambda$launchService$0(FMLUserdevClientLaunchProvider.java:55) ~[forge-1.15.2-31.1.0_mapped_snapshot_20190719-1.14.3-recomp.jar:?] {}
	at cpw.mods.modlauncher.LaunchServiceHandlerDecorator.launch(LaunchServiceHandlerDecorator.java:37) [modlauncher-5.0.0-milestone.4.jar:?] {}
	at cpw.mods.modlauncher.LaunchServiceHandler.launch(LaunchServiceHandler.java:54) [modlauncher-5.0.0-milestone.4.jar:?] {}
	at cpw.mods.modlauncher.LaunchServiceHandler.launch(LaunchServiceHandler.java:72) [modlauncher-5.0.0-milestone.4.jar:?] {}
	at cpw.mods.modlauncher.Launcher.run(Launcher.java:81) [modlauncher-5.0.0-milestone.4.jar:?] {}
	at cpw.mods.modlauncher.Launcher.main(Launcher.java:65) [modlauncher-5.0.0-milestone.4.jar:?] {}
	at net.minecraftforge.userdev.LaunchTesting.main(LaunchTesting.java:102) [forge-1.15.2-31.1.0_mapped_snapshot_20190719-1.14.3-recomp.jar:?] {}
Caused by: java.lang.IllegalStateException: Failed to resolve consumer event type: net.minecraftforge.fml.network.simple.SimpleChannel$$Lambda$2248/0x000000080119a840@4bb644dc
	at net.minecraftforge.eventbus.EventBus.addListener(EventBus.java:194) ~[eventbus-2.0.0-milestone.1-service.jar:?] {}
	at net.minecraftforge.eventbus.EventBus.addListener(EventBus.java:161) ~[eventbus-2.0.0-milestone.1-service.jar:?] {}
	at net.minecraftforge.eventbus.EventBus.addListener(EventBus.java:156) ~[eventbus-2.0.0-milestone.1-service.jar:?] {}
	at net.minecraftforge.eventbus.EventBus.addListener(EventBus.java:151) ~[eventbus-2.0.0-milestone.1-service.jar:?] {}
	at net.minecraftforge.fml.network.NetworkInstance.addListener(NetworkInstance.java:65) ~[?:?] {re:classloading}
	at net.minecraftforge.fml.network.simple.SimpleChannel.<init>(SimpleChannel.java:56) ~[?:?] {re:classloading}
	at net.minecraftforge.fml.network.simple.SimpleChannel.<init>(SimpleChannel.java:49) ~[?:?] {re:classloading}
	at net.minecraftforge.fml.network.NetworkRegistry$ChannelBuilder.simpleChannel(NetworkRegistry.java:409) ~[?:?] {re:classloading}
	at net.minecraftforge.fml.network.NetworkInitialization.getHandshakeChannel(NetworkInitialization.java:38) ~[?:?] {re:classloading}
	at net.minecraftforge.fml.network.FMLNetworkConstants.<clinit>(FMLNetworkConstants.java:48) ~[?:?] {re:classloading}
	... 18 more


A detailed walkthrough of the error, its code path and all known details is as follows:
---------------------------------------------------------------------------------------

-- Head --
Thread: Render thread
Stacktrace:
	at net.minecraftforge.fml.ModLoader.<init>(ModLoader.java:121)
	at net.minecraftforge.fml.ModLoader.get(ModLoader.java:146)
	at net.minecraftforge.fml.client.ClientModLoader.lambda$begin$2(ClientModLoader.java:97)
	at net.minecraftforge.fml.client.ClientModLoader.lambda$createRunnableWithCatch$5(ClientModLoader.java:113)
	at net.minecraftforge.fml.client.ClientModLoader.begin(ClientModLoader.java:97)
	at net.minecraft.client.Minecraft.<init>(Minecraft.java:393)

-- Initialization --
Details:
Stacktrace:
	at net.minecraft.client.main.Main.main(Main.java:141)
	at java.base/jdk.internal.reflect.NativeMethodAccessorImpl.invoke0(Native Method)
	at java.base/jdk.internal.reflect.NativeMethodAccessorImpl.invoke(NativeMethodAccessorImpl.java:62)
	at java.base/jdk.internal.reflect.DelegatingMethodAccessorImpl.invoke(DelegatingMethodAccessorImpl.java:43)
	at java.base/java.lang.reflect.Method.invoke(Method.java:564)
	at net.minecraftforge.userdev.FMLUserdevClientLaunchProvider.lambda$launchService$0(FMLUserdevClientLaunchProvider.java:55)
	at cpw.mods.modlauncher.LaunchServiceHandlerDecorator.launch(LaunchServiceHandlerDecorator.java:37)
	at cpw.mods.modlauncher.LaunchServiceHandler.launch(LaunchServiceHandler.java:54)
	at cpw.mods.modlauncher.LaunchServiceHandler.launch(LaunchServiceHandler.java:72)
	at cpw.mods.modlauncher.Launcher.run(Launcher.java:81)
	at cpw.mods.modlauncher.Launcher.main(Launcher.java:65)
	at net.minecraftforge.userdev.LaunchTesting.main(LaunchTesting.java:102)

-- System Details --
Details:
	Minecraft Version: 1.15.2
	Minecraft Version ID: 1.15.2
	Operating System: Windows 10 (amd64) version 10.0
	Java Version: 14, Oracle Corporation
	Java VM Version: OpenJDK 64-Bit Server VM (mixed mode, sharing), Oracle Corporation
	Memory: 637249760 bytes (607 MB) / 1365245952 bytes (1302 MB) up to 4263510016 bytes (4066 MB)
	CPUs: 8
	JVM Flags: 1 total; -XX:HeapDumpPath=MojangTricksIntelDriversForPerformance_javaw.exe_minecraft.exe.heapdump
	Launched Version: MOD_DEV
	Backend library: LWJGL version 3.2.2 build 10
	Backend API: GeForce GTX 970M/PCIe/SSE2 GL version 4.6.0 NVIDIA 441.41, NVIDIA Corporation
	GL Caps: Using framebuffer using OpenGL 3.0
	Using VBOs: Yes
	Is Modded: Definitely; Client brand changed to 'forge'
	Type: Client (map_client.txt)
	CPU: 8x Intel(R) Core(TM) i7-6700HQ CPU @ 2.60GHz
[19Apr2020 16:50:41.168] [Render thread/INFO] [STDOUT/]: [net.minecraft.util.registry.Bootstrap:printToSYSOUT:109]: #@!@# Game crashed! Crash report saved to: #@!@# D:\final project\minecraftMod\run\.\crash-reports\crash-2020-04-19_16.50.41-client.txt
